<?xml version="1.0" encoding="UTF-8"?>
<!-- Generated by org.testng.reporters.JUnitXMLReporter -->
<testsuite ignored="1" hostname="DESKTOP-59HQ26K" failures="0" tests="1" name="Grouping Test" time="10.329" errors="0" timestamp="2024-11-16T21:09:11 IST">
  <testcase classname="testCases.TC001_AccountRegistrationTest" name="verify_account_registration" time="2.774"/>
  <testcase classname="testCases.TC002_LoginTest" name="verifyLogin" time="0.0">
    <ignored/>
  </testcase> <!-- verifyLogin -->
</testsuite> <!-- Grouping Test -->
