<?xml version="1.0" encoding="UTF-8"?>
<testng-results ignored="0" total="2" passed="2" failed="0" skipped="0">
  <reporter-output>
  </reporter-output>
  <suite started-at="2024-11-28T20:28:41 IST" name="Suite" finished-at="2024-11-28T20:29:05 IST" duration-ms="23997">
    <groups>
      <group name="Master">
        <method signature="TC001_AccountRegistrationTest.verify_account_registration()[pri:0, instance:testCases.TC001_AccountRegistrationTest@25a6944c]" name="verify_account_registration" class="testCases.TC001_AccountRegistrationTest"/>
        <method signature="TC002_LoginTest.verifyLogin()[pri:0, instance:testCases.TC002_LoginTest@71cf1b07]" name="verifyLogin" class="testCases.TC002_LoginTest"/>
      </group> <!-- Master -->
      <group name="Sanity">
        <method signature="TC002_LoginTest.verifyLogin()[pri:0, instance:testCases.TC002_LoginTest@71cf1b07]" name="verifyLogin" class="testCases.TC002_LoginTest"/>
      </group> <!-- Sanity -->
      <group name="Regression">
        <method signature="TC001_AccountRegistrationTest.verify_account_registration()[pri:0, instance:testCases.TC001_AccountRegistrationTest@25a6944c]" name="verify_account_registration" class="testCases.TC001_AccountRegistrationTest"/>
      </group> <!-- Regression -->
    </groups>
    <test started-at="2024-11-28T20:28:41 IST" name="ChromeTest" finished-at="2024-11-28T20:29:05 IST" duration-ms="23997">
      <class name="testCases.TC002_LoginTest">
        <test-method is-config="true" signature="Setup(java.lang.String,java.lang.String)[pri:0, instance:testCases.TC002_LoginTest@71cf1b07]" started-at="2024-11-28T20:28:53 IST" name="Setup" finished-at="2024-11-28T20:29:00 IST" duration-ms="7292" status="PASS">
          <params>
            <param index="0">
              <value>
                <![CDATA[windows]]>
              </value>
            </param>
            <param index="1">
              <value>
                <![CDATA[Edge]]>
              </value>
            </param>
          </params>
          <reporter-output>
          </reporter-output>
        </test-method> <!-- Setup -->
        <test-method signature="verifyLogin()[pri:0, instance:testCases.TC002_LoginTest@71cf1b07]" started-at="2024-11-28T20:29:00 IST" name="verifyLogin" finished-at="2024-11-28T20:29:03 IST" duration-ms="2226" status="PASS">
          <reporter-output>
          </reporter-output>
        </test-method> <!-- verifyLogin -->
        <test-method is-config="true" signature="teardown()[pri:0, instance:testCases.TC002_LoginTest@71cf1b07]" started-at="2024-11-28T20:29:03 IST" name="teardown" finished-at="2024-11-28T20:29:05 IST" duration-ms="2187" status="PASS">
          <reporter-output>
          </reporter-output>
        </test-method> <!-- teardown -->
      </class> <!-- testCases.TC002_LoginTest -->
      <class name="testCases.TC001_AccountRegistrationTest">
        <test-method is-config="true" signature="Setup()[pri:0, instance:testCases.TC001_AccountRegistrationTest@25a6944c]" started-at="2024-11-28T20:28:41 IST" name="Setup" finished-at="2024-11-28T20:28:48 IST" duration-ms="6691" status="PASS">
          <reporter-output>
          </reporter-output>
        </test-method> <!-- Setup -->
        <test-method signature="verify_account_registration()[pri:0, instance:testCases.TC001_AccountRegistrationTest@25a6944c]" started-at="2024-11-28T20:28:48 IST" name="verify_account_registration" finished-at="2024-11-28T20:28:51 IST" duration-ms="3353" status="PASS">
          <reporter-output>
          </reporter-output>
        </test-method> <!-- verify_account_registration -->
        <test-method is-config="true" signature="tearDown()[pri:0, instance:testCases.TC001_AccountRegistrationTest@25a6944c]" started-at="2024-11-28T20:28:51 IST" name="tearDown" finished-at="2024-11-28T20:28:53 IST" duration-ms="1673" status="PASS">
          <reporter-output>
          </reporter-output>
        </test-method> <!-- tearDown -->
      </class> <!-- testCases.TC001_AccountRegistrationTest -->
    </test> <!-- ChromeTest -->
  </suite> <!-- Suite -->
</testng-results>
